[0.780s] Invoking command in '/home/seba/Desktop/Turtlebot/Turtlebot-estacionador/src/Robot': PYTHONPATH=/home/seba/Desktop/Turtlebot/Turtlebot-estacionador/src/build/Robot/prefix_override:/usr/lib/python3/dist-packages/colcon_core/task/python/colcon_distutils_commands:/home/seba/Desktop/Turtlebot/Turtlebot-estacionador/src/install/Robot/lib/python3.10/site-packages:${PYTHONPATH} /usr/bin/python3 -W ignore:setup.py install is deprecated setup.py egg_info --egg-base ../build/Robot build --build-base /home/seba/Desktop/Turtlebot/Turtlebot-estacionador/src/build/Robot/build install --record /home/seba/Desktop/Turtlebot/Turtlebot-estacionador/src/build/Robot/install.log --single-version-externally-managed install_data
[1.055s] running egg_info
[1.055s] writing ../build/Robot/Robot.egg-info/PKG-INFO
[1.056s] writing dependency_links to ../build/Robot/Robot.egg-info/dependency_links.txt
[1.056s] writing entry points to ../build/Robot/Robot.egg-info/entry_points.txt
[1.056s] writing requirements to ../build/Robot/Robot.egg-info/requires.txt
[1.057s] writing top-level names to ../build/Robot/Robot.egg-info/top_level.txt
[1.058s] reading manifest file '../build/Robot/Robot.egg-info/SOURCES.txt'
[1.059s] writing manifest file '../build/Robot/Robot.egg-info/SOURCES.txt'
[1.060s] running build
[1.060s] running build_py
[1.060s] copying Robot/test.py -> /home/seba/Desktop/Turtlebot/Turtlebot-estacionador/src/build/Robot/build/lib/Robot
[1.061s] running install
[1.061s] running install_lib
[1.062s] copying /home/seba/Desktop/Turtlebot/Turtlebot-estacionador/src/build/Robot/build/lib/Robot/test.py -> /home/seba/Desktop/Turtlebot/Turtlebot-estacionador/src/install/Robot/lib/python3.10/site-packages/Robot
[1.063s] byte-compiling /home/seba/Desktop/Turtlebot/Turtlebot-estacionador/src/install/Robot/lib/python3.10/site-packages/Robot/test.py to test.cpython-310.pyc
[1.063s] running install_data
[1.064s] running install_egg_info
[1.066s] removing '/home/seba/Desktop/Turtlebot/Turtlebot-estacionador/src/install/Robot/lib/python3.10/site-packages/Robot-0.0.0-py3.10.egg-info' (and everything under it)
[1.066s] Copying ../build/Robot/Robot.egg-info to /home/seba/Desktop/Turtlebot/Turtlebot-estacionador/src/install/Robot/lib/python3.10/site-packages/Robot-0.0.0-py3.10.egg-info
[1.067s] running install_scripts
[1.091s] Installing color_test script to /home/seba/Desktop/Turtlebot/Turtlebot-estacionador/src/install/Robot/lib/Robot
[1.091s] Installing image_capturer script to /home/seba/Desktop/Turtlebot/Turtlebot-estacionador/src/install/Robot/lib/Robot
[1.091s] Installing safe_test script to /home/seba/Desktop/Turtlebot/Turtlebot-estacionador/src/install/Robot/lib/Robot
[1.091s] Installing test script to /home/seba/Desktop/Turtlebot/Turtlebot-estacionador/src/install/Robot/lib/Robot
[1.092s] writing list of installed files to '/home/seba/Desktop/Turtlebot/Turtlebot-estacionador/src/build/Robot/install.log'
[1.125s] Invoked command in '/home/seba/Desktop/Turtlebot/Turtlebot-estacionador/src/Robot' returned '0': PYTHONPATH=/home/seba/Desktop/Turtlebot/Turtlebot-estacionador/src/build/Robot/prefix_override:/usr/lib/python3/dist-packages/colcon_core/task/python/colcon_distutils_commands:/home/seba/Desktop/Turtlebot/Turtlebot-estacionador/src/install/Robot/lib/python3.10/site-packages:${PYTHONPATH} /usr/bin/python3 -W ignore:setup.py install is deprecated setup.py egg_info --egg-base ../build/Robot build --build-base /home/seba/Desktop/Turtlebot/Turtlebot-estacionador/src/build/Robot/build install --record /home/seba/Desktop/Turtlebot/Turtlebot-estacionador/src/build/Robot/install.log --single-version-externally-managed install_data
