/home/seba/Desktop/Turtlebot/Turtlebot-estacionador/install/Robot/lib/python3.10/site-packages/Robot/image_capturer.py
/home/seba/Desktop/Turtlebot/Turtlebot-estacionador/install/Robot/lib/python3.10/site-packages/Robot/basetest.py
/home/seba/Desktop/Turtlebot/Turtlebot-estacionador/install/Robot/lib/python3.10/site-packages/Robot/color_test.py
/home/seba/Desktop/Turtlebot/Turtlebot-estacionador/install/Robot/lib/python3.10/site-packages/Robot/__init__.py
/home/seba/Desktop/Turtlebot/Turtlebot-estacionador/install/Robot/lib/python3.10/site-packages/Robot/rectantest.py
/home/seba/Desktop/Turtlebot/Turtlebot-estacionador/install/Robot/lib/python3.10/site-packages/Robot/test.py
/home/seba/Desktop/Turtlebot/Turtlebot-estacionador/install/Robot/lib/python3.10/site-packages/Robot/safe_test.py
/home/seba/Desktop/Turtlebot/Turtlebot-estacionador/install/Robot/lib/python3.10/site-packages/Robot/__pycache__/image_capturer.cpython-310.pyc
/home/seba/Desktop/Turtlebot/Turtlebot-estacionador/install/Robot/lib/python3.10/site-packages/Robot/__pycache__/basetest.cpython-310.pyc
/home/seba/Desktop/Turtlebot/Turtlebot-estacionador/install/Robot/lib/python3.10/site-packages/Robot/__pycache__/color_test.cpython-310.pyc
/home/seba/Desktop/Turtlebot/Turtlebot-estacionador/install/Robot/lib/python3.10/site-packages/Robot/__pycache__/__init__.cpython-310.pyc
/home/seba/Desktop/Turtlebot/Turtlebot-estacionador/install/Robot/lib/python3.10/site-packages/Robot/__pycache__/rectantest.cpython-310.pyc
/home/seba/Desktop/Turtlebot/Turtlebot-estacionador/install/Robot/lib/python3.10/site-packages/Robot/__pycache__/test.cpython-310.pyc
/home/seba/Desktop/Turtlebot/Turtlebot-estacionador/install/Robot/lib/python3.10/site-packages/Robot/__pycache__/safe_test.cpython-310.pyc
/home/seba/Desktop/Turtlebot/Turtlebot-estacionador/install/Robot/share/ament_index/resource_index/packages/Robot
/home/seba/Desktop/Turtlebot/Turtlebot-estacionador/install/Robot/share/Robot/package.xml
/home/seba/Desktop/Turtlebot/Turtlebot-estacionador/install/Robot/lib/python3.10/site-packages/Robot-0.0.0-py3.10.egg-info/dependency_links.txt
/home/seba/Desktop/Turtlebot/Turtlebot-estacionador/install/Robot/lib/python3.10/site-packages/Robot-0.0.0-py3.10.egg-info/zip-safe
/home/seba/Desktop/Turtlebot/Turtlebot-estacionador/install/Robot/lib/python3.10/site-packages/Robot-0.0.0-py3.10.egg-info/SOURCES.txt
/home/seba/Desktop/Turtlebot/Turtlebot-estacionador/install/Robot/lib/python3.10/site-packages/Robot-0.0.0-py3.10.egg-info/requires.txt
/home/seba/Desktop/Turtlebot/Turtlebot-estacionador/install/Robot/lib/python3.10/site-packages/Robot-0.0.0-py3.10.egg-info/top_level.txt
/home/seba/Desktop/Turtlebot/Turtlebot-estacionador/install/Robot/lib/python3.10/site-packages/Robot-0.0.0-py3.10.egg-info/entry_points.txt
/home/seba/Desktop/Turtlebot/Turtlebot-estacionador/install/Robot/lib/python3.10/site-packages/Robot-0.0.0-py3.10.egg-info/PKG-INFO
/home/seba/Desktop/Turtlebot/Turtlebot-estacionador/install/Robot/lib/Robot/basetest
/home/seba/Desktop/Turtlebot/Turtlebot-estacionador/install/Robot/lib/Robot/color_test
/home/seba/Desktop/Turtlebot/Turtlebot-estacionador/install/Robot/lib/Robot/image_capturer
/home/seba/Desktop/Turtlebot/Turtlebot-estacionador/install/Robot/lib/Robot/rectantest
/home/seba/Desktop/Turtlebot/Turtlebot-estacionador/install/Robot/lib/Robot/safe_test
/home/seba/Desktop/Turtlebot/Turtlebot-estacionador/install/Robot/lib/Robot/test
