[1.050s] Invoking command in '/root/ros2_ws/src/Robot': PYTHONPATH=/root/ros2_ws/build/Robot/prefix_override:/usr/lib/python3/dist-packages/colcon_core/task/python/colcon_distutils_commands:/root/ros2_ws/install/Robot/lib/python3.10/site-packages:${PYTHONPATH} /usr/bin/python3 -W ignore:setup.py install is deprecated setup.py egg_info --egg-base ../../build/Robot build --build-base /root/ros2_ws/build/Robot/build install --record /root/ros2_ws/build/Robot/install.log --single-version-externally-managed install_data
[1.436s] running egg_info
[1.437s] writing ../../build/Robot/Robot.egg-info/PKG-INFO
[1.437s] writing dependency_links to ../../build/Robot/Robot.egg-info/dependency_links.txt
[1.437s] writing entry points to ../../build/Robot/Robot.egg-info/entry_points.txt
[1.437s] writing requirements to ../../build/Robot/Robot.egg-info/requires.txt
[1.437s] writing top-level names to ../../build/Robot/Robot.egg-info/top_level.txt
[1.441s] reading manifest file '../../build/Robot/Robot.egg-info/SOURCES.txt'
[1.442s] writing manifest file '../../build/Robot/Robot.egg-info/SOURCES.txt'
[1.442s] running build
[1.442s] running build_py
[1.442s] copying Robot/color_test.py -> /root/ros2_ws/build/Robot/build/lib/Robot
[1.443s] running install
[1.444s] running install_lib
[1.447s] copying /root/ros2_ws/build/Robot/build/lib/Robot/color_test.py -> /root/ros2_ws/install/Robot/lib/python3.10/site-packages/Robot
[1.451s] byte-compiling /root/ros2_ws/install/Robot/lib/python3.10/site-packages/Robot/color_test.py to color_test.cpython-310.pyc
[1.451s] running install_data
[1.451s] running install_egg_info
[1.454s] removing '/root/ros2_ws/install/Robot/lib/python3.10/site-packages/Robot-0.0.0-py3.10.egg-info' (and everything under it)
[1.454s] Copying ../../build/Robot/Robot.egg-info to /root/ros2_ws/install/Robot/lib/python3.10/site-packages/Robot-0.0.0-py3.10.egg-info
[1.455s] running install_scripts
[1.490s] Installing color_test script to /root/ros2_ws/install/Robot/lib/Robot
[1.491s] Installing image_capturer script to /root/ros2_ws/install/Robot/lib/Robot
[1.491s] writing list of installed files to '/root/ros2_ws/build/Robot/install.log'
[1.554s] Invoked command in '/root/ros2_ws/src/Robot' returned '0': PYTHONPATH=/root/ros2_ws/build/Robot/prefix_override:/usr/lib/python3/dist-packages/colcon_core/task/python/colcon_distutils_commands:/root/ros2_ws/install/Robot/lib/python3.10/site-packages:${PYTHONPATH} /usr/bin/python3 -W ignore:setup.py install is deprecated setup.py egg_info --egg-base ../../build/Robot build --build-base /root/ros2_ws/build/Robot/build install --record /root/ros2_ws/build/Robot/install.log --single-version-externally-managed install_data
