running egg_info
creating ../build/Robot/Robot.egg-info
writing ../build/Robot/Robot.egg-info/PKG-INFO
writing dependency_links to ../build/Robot/Robot.egg-info/dependency_links.txt
writing entry points to ../build/Robot/Robot.egg-info/entry_points.txt
writing requirements to ../build/Robot/Robot.egg-info/requires.txt
writing top-level names to ../build/Robot/Robot.egg-info/top_level.txt
writing manifest file '../build/Robot/Robot.egg-info/SOURCES.txt'
reading manifest file '../build/Robot/Robot.egg-info/SOURCES.txt'
writing manifest file '../build/Robot/Robot.egg-info/SOURCES.txt'
running build
running build_py
creating /root/ros2_ws/src/build/Robot/build
creating /root/ros2_ws/src/build/Robot/build/lib
creating /root/ros2_ws/src/build/Robot/build/lib/Robot
copying Robot/image_cap.py -> /root/ros2_ws/src/build/Robot/build/lib/Robot
copying Robot/__init__.py -> /root/ros2_ws/src/build/Robot/build/lib/Robot
running install
running install_lib
creating /root/ros2_ws/src/install/Robot/lib/python3.10/site-packages/Robot
copying /root/ros2_ws/src/build/Robot/build/lib/Robot/image_cap.py -> /root/ros2_ws/src/install/Robot/lib/python3.10/site-packages/Robot
copying /root/ros2_ws/src/build/Robot/build/lib/Robot/__init__.py -> /root/ros2_ws/src/install/Robot/lib/python3.10/site-packages/Robot
byte-compiling /root/ros2_ws/src/install/Robot/lib/python3.10/site-packages/Robot/image_cap.py to image_cap.cpython-310.pyc
byte-compiling /root/ros2_ws/src/install/Robot/lib/python3.10/site-packages/Robot/__init__.py to __init__.cpython-310.pyc
running install_data
creating /root/ros2_ws/src/install/Robot/share/ament_index
creating /root/ros2_ws/src/install/Robot/share/ament_index/resource_index
creating /root/ros2_ws/src/install/Robot/share/ament_index/resource_index/packages
copying resource/Robot -> /root/ros2_ws/src/install/Robot/share/ament_index/resource_index/packages
copying package.xml -> /root/ros2_ws/src/install/Robot/share/Robot
running install_egg_info
Copying ../build/Robot/Robot.egg-info to /root/ros2_ws/src/install/Robot/lib/python3.10/site-packages/Robot-0.0.0-py3.10.egg-info
running install_scripts
Installing image_capturer script to /root/ros2_ws/src/install/Robot/lib/Robot
writing list of installed files to '/root/ros2_ws/src/build/Robot/install.log'
