[1.137s] Invoking command in '/root/ros2_ws/src/Robot': PYTHONPATH=/root/ros2_ws/src/build/Robot/prefix_override:/usr/lib/python3/dist-packages/colcon_core/task/python/colcon_distutils_commands:/root/ros2_ws/src/install/Robot/lib/python3.10/site-packages:${PYTHONPATH} /usr/bin/python3 -W ignore:setup.py install is deprecated setup.py egg_info --egg-base ../build/Robot build --build-base /root/ros2_ws/src/build/Robot/build install --record /root/ros2_ws/src/build/Robot/install.log --single-version-externally-managed install_data
[1.594s] running egg_info
[1.595s] creating ../build/Robot/Robot.egg-info
[1.596s] writing ../build/Robot/Robot.egg-info/PKG-INFO
[1.596s] writing dependency_links to ../build/Robot/Robot.egg-info/dependency_links.txt
[1.596s] writing entry points to ../build/Robot/Robot.egg-info/entry_points.txt
[1.596s] writing requirements to ../build/Robot/Robot.egg-info/requires.txt
[1.596s] writing top-level names to ../build/Robot/Robot.egg-info/top_level.txt
[1.596s] writing manifest file '../build/Robot/Robot.egg-info/SOURCES.txt'
[1.603s] reading manifest file '../build/Robot/Robot.egg-info/SOURCES.txt'
[1.604s] writing manifest file '../build/Robot/Robot.egg-info/SOURCES.txt'
[1.608s] running build
[1.608s] running build_py
[1.608s] creating /root/ros2_ws/src/build/Robot/build
[1.608s] creating /root/ros2_ws/src/build/Robot/build/lib
[1.609s] creating /root/ros2_ws/src/build/Robot/build/lib/Robot
[1.611s] copying Robot/image_cap.py -> /root/ros2_ws/src/build/Robot/build/lib/Robot
[1.611s] copying Robot/__init__.py -> /root/ros2_ws/src/build/Robot/build/lib/Robot
[1.611s] running install
[1.611s] running install_lib
[1.611s] creating /root/ros2_ws/src/install/Robot/lib/python3.10/site-packages/Robot
[1.611s] copying /root/ros2_ws/src/build/Robot/build/lib/Robot/image_cap.py -> /root/ros2_ws/src/install/Robot/lib/python3.10/site-packages/Robot
[1.611s] copying /root/ros2_ws/src/build/Robot/build/lib/Robot/__init__.py -> /root/ros2_ws/src/install/Robot/lib/python3.10/site-packages/Robot
[1.612s] byte-compiling /root/ros2_ws/src/install/Robot/lib/python3.10/site-packages/Robot/image_cap.py to image_cap.cpython-310.pyc
[1.613s] byte-compiling /root/ros2_ws/src/install/Robot/lib/python3.10/site-packages/Robot/__init__.py to __init__.cpython-310.pyc
[1.613s] running install_data
[1.613s] creating /root/ros2_ws/src/install/Robot/share/ament_index
[1.613s] creating /root/ros2_ws/src/install/Robot/share/ament_index/resource_index
[1.613s] creating /root/ros2_ws/src/install/Robot/share/ament_index/resource_index/packages
[1.613s] copying resource/Robot -> /root/ros2_ws/src/install/Robot/share/ament_index/resource_index/packages
[1.613s] copying package.xml -> /root/ros2_ws/src/install/Robot/share/Robot
[1.617s] running install_egg_info
[1.623s] Copying ../build/Robot/Robot.egg-info to /root/ros2_ws/src/install/Robot/lib/python3.10/site-packages/Robot-0.0.0-py3.10.egg-info
[1.623s] running install_scripts
[1.661s] Installing image_capturer script to /root/ros2_ws/src/install/Robot/lib/Robot
[1.662s] writing list of installed files to '/root/ros2_ws/src/build/Robot/install.log'
[1.727s] Invoked command in '/root/ros2_ws/src/Robot' returned '0': PYTHONPATH=/root/ros2_ws/src/build/Robot/prefix_override:/usr/lib/python3/dist-packages/colcon_core/task/python/colcon_distutils_commands:/root/ros2_ws/src/install/Robot/lib/python3.10/site-packages:${PYTHONPATH} /usr/bin/python3 -W ignore:setup.py install is deprecated setup.py egg_info --egg-base ../build/Robot build --build-base /root/ros2_ws/src/build/Robot/build install --record /root/ros2_ws/src/build/Robot/install.log --single-version-externally-managed install_data
