[0.808s] Invoking command in '/home/seba/Desktop/Turtlebot/Turtlebot-estacionador/src/Robot': PYTHONPATH=/home/seba/Desktop/Turtlebot/Turtlebot-estacionador/src/build/Robot/prefix_override:/usr/lib/python3/dist-packages/colcon_core/task/python/colcon_distutils_commands:/home/seba/Desktop/Turtlebot/Turtlebot-estacionador/src/install/Robot/lib/python3.10/site-packages:${PYTHONPATH} /usr/bin/python3 -W ignore:setup.py install is deprecated setup.py egg_info --egg-base ../build/Robot build --build-base /home/seba/Desktop/Turtlebot/Turtlebot-estacionador/src/build/Robot/build install --record /home/seba/Desktop/Turtlebot/Turtlebot-estacionador/src/build/Robot/install.log --single-version-externally-managed install_data
[1.090s] running egg_info
[1.091s] writing ../build/Robot/Robot.egg-info/PKG-INFO
[1.091s] writing dependency_links to ../build/Robot/Robot.egg-info/dependency_links.txt
[1.091s] writing entry points to ../build/Robot/Robot.egg-info/entry_points.txt
[1.092s] writing requirements to ../build/Robot/Robot.egg-info/requires.txt
[1.092s] writing top-level names to ../build/Robot/Robot.egg-info/top_level.txt
[1.094s] reading manifest file '../build/Robot/Robot.egg-info/SOURCES.txt'
[1.096s] writing manifest file '../build/Robot/Robot.egg-info/SOURCES.txt'
[1.096s] running build
[1.096s] running build_py
[1.096s] copying Robot/safe_test.py -> /home/seba/Desktop/Turtlebot/Turtlebot-estacionador/src/build/Robot/build/lib/Robot
[1.097s] running install
[1.097s] running install_lib
[1.099s] copying /home/seba/Desktop/Turtlebot/Turtlebot-estacionador/src/build/Robot/build/lib/Robot/safe_test.py -> /home/seba/Desktop/Turtlebot/Turtlebot-estacionador/src/install/Robot/lib/python3.10/site-packages/Robot
[1.100s] byte-compiling /home/seba/Desktop/Turtlebot/Turtlebot-estacionador/src/install/Robot/lib/python3.10/site-packages/Robot/safe_test.py to safe_test.cpython-310.pyc
[1.100s] running install_data
[1.100s] running install_egg_info
[1.103s] removing '/home/seba/Desktop/Turtlebot/Turtlebot-estacionador/src/install/Robot/lib/python3.10/site-packages/Robot-0.0.0-py3.10.egg-info' (and everything under it)
[1.103s] Copying ../build/Robot/Robot.egg-info to /home/seba/Desktop/Turtlebot/Turtlebot-estacionador/src/install/Robot/lib/python3.10/site-packages/Robot-0.0.0-py3.10.egg-info
[1.105s] running install_scripts
[1.133s] Installing color_test script to /home/seba/Desktop/Turtlebot/Turtlebot-estacionador/src/install/Robot/lib/Robot
[1.133s] Installing image_capturer script to /home/seba/Desktop/Turtlebot/Turtlebot-estacionador/src/install/Robot/lib/Robot
[1.133s] Installing safe_test script to /home/seba/Desktop/Turtlebot/Turtlebot-estacionador/src/install/Robot/lib/Robot
[1.134s] writing list of installed files to '/home/seba/Desktop/Turtlebot/Turtlebot-estacionador/src/build/Robot/install.log'
[1.169s] Invoked command in '/home/seba/Desktop/Turtlebot/Turtlebot-estacionador/src/Robot' returned '0': PYTHONPATH=/home/seba/Desktop/Turtlebot/Turtlebot-estacionador/src/build/Robot/prefix_override:/usr/lib/python3/dist-packages/colcon_core/task/python/colcon_distutils_commands:/home/seba/Desktop/Turtlebot/Turtlebot-estacionador/src/install/Robot/lib/python3.10/site-packages:${PYTHONPATH} /usr/bin/python3 -W ignore:setup.py install is deprecated setup.py egg_info --egg-base ../build/Robot build --build-base /home/seba/Desktop/Turtlebot/Turtlebot-estacionador/src/build/Robot/build install --record /home/seba/Desktop/Turtlebot/Turtlebot-estacionador/src/build/Robot/install.log --single-version-externally-managed install_data
