[0.249s] DEBUG:colcon:Command line arguments: ['/usr/bin/colcon', 'build']
[0.249s] DEBUG:colcon:Parsed command line arguments: Namespace(log_base=None, log_level=None, verb_name='build', build_base='build', install_base='install', merge_install=False, symlink_install=False, test_result_base=None, continue_on_error=False, executor='parallel', parallel_workers=4, event_handlers=None, ignore_user_meta=False, metas=['./colcon.meta'], base_paths=['.'], packages_ignore=None, packages_ignore_regex=None, paths=None, packages_up_to=None, packages_up_to_regex=None, packages_above=None, packages_above_and_dependencies=None, packages_above_depth=None, packages_select_by_dep=None, packages_skip_by_dep=None, packages_skip_up_to=None, packages_select_build_failed=False, packages_skip_build_finished=False, packages_select_test_failures=False, packages_skip_test_passed=False, packages_select=None, packages_skip=None, packages_select_regex=None, packages_skip_regex=None, packages_start=None, packages_end=None, allow_overriding=[], cmake_args=None, cmake_target=None, cmake_target_skip_unavailable=False, cmake_clean_cache=False, cmake_clean_first=False, cmake_force_configure=False, ament_cmake_args=None, catkin_cmake_args=None, catkin_skip_building_tests=False, verb_parser=<colcon_defaults.argument_parser.defaults.DefaultArgumentsDecorator object at 0x7278f9b009a0>, verb_extension=<colcon_core.verb.build.BuildVerb object at 0x7278f9c0d5a0>, main=<bound method BuildVerb.main of <colcon_core.verb.build.BuildVerb object at 0x7278f9c0d5a0>>)
[0.637s] Level 1:colcon.colcon_core.package_discovery:discover_packages(colcon_meta) check parameters
[0.637s] Level 1:colcon.colcon_core.package_discovery:discover_packages(recursive) check parameters
[0.637s] Level 1:colcon.colcon_core.package_discovery:discover_packages(ignore) check parameters
[0.637s] Level 1:colcon.colcon_core.package_discovery:discover_packages(path) check parameters
[0.637s] Level 1:colcon.colcon_core.package_discovery:discover_packages(colcon_meta) discover
[0.638s] Level 1:colcon.colcon_core.package_discovery:discover_packages(recursive) discover
[0.638s] INFO:colcon.colcon_core.package_discovery:Crawling recursively for packages in '/home/seba/Desktop/Turtlebot/Turtlebot-estacionador/src'
[0.638s] Level 1:colcon.colcon_core.package_identification:_identify(.) by extensions ['ignore', 'ignore_ament_install']
[0.638s] Level 1:colcon.colcon_core.package_identification:_identify(.) by extension 'ignore'
[0.638s] Level 1:colcon.colcon_core.package_identification:_identify(.) by extension 'ignore_ament_install'
[0.639s] Level 1:colcon.colcon_core.package_identification:_identify(.) by extensions ['colcon_pkg']
[0.639s] Level 1:colcon.colcon_core.package_identification:_identify(.) by extension 'colcon_pkg'
[0.639s] Level 1:colcon.colcon_core.package_identification:_identify(.) by extensions ['colcon_meta']
[0.639s] Level 1:colcon.colcon_core.package_identification:_identify(.) by extension 'colcon_meta'
[0.639s] Level 1:colcon.colcon_core.package_identification:_identify(.) by extensions ['ros']
[0.639s] Level 1:colcon.colcon_core.package_identification:_identify(.) by extension 'ros'
[0.667s] Level 1:colcon.colcon_core.package_identification:_identify(.) by extensions ['cmake', 'python']
[0.667s] Level 1:colcon.colcon_core.package_identification:_identify(.) by extension 'cmake'
[0.667s] Level 1:colcon.colcon_core.package_identification:_identify(.) by extension 'python'
[0.667s] Level 1:colcon.colcon_core.package_identification:_identify(.) by extensions ['python_setup_py']
[0.667s] Level 1:colcon.colcon_core.package_identification:_identify(.) by extension 'python_setup_py'
[0.667s] Level 1:colcon.colcon_core.package_identification:_identify(Robot) by extensions ['ignore', 'ignore_ament_install']
[0.667s] Level 1:colcon.colcon_core.package_identification:_identify(Robot) by extension 'ignore'
[0.668s] Level 1:colcon.colcon_core.package_identification:_identify(Robot) by extension 'ignore_ament_install'
[0.668s] Level 1:colcon.colcon_core.package_identification:_identify(Robot) by extensions ['colcon_pkg']
[0.668s] Level 1:colcon.colcon_core.package_identification:_identify(Robot) by extension 'colcon_pkg'
[0.668s] Level 1:colcon.colcon_core.package_identification:_identify(Robot) by extensions ['colcon_meta']
[0.668s] Level 1:colcon.colcon_core.package_identification:_identify(Robot) by extension 'colcon_meta'
[0.668s] Level 1:colcon.colcon_core.package_identification:_identify(Robot) by extensions ['ros']
[0.668s] Level 1:colcon.colcon_core.package_identification:_identify(Robot) by extension 'ros'
[0.674s] DEBUG:colcon.colcon_core.package_identification:Package 'Robot' with type 'ros.ament_python' and name 'Robot'
[0.674s] Level 1:colcon.colcon_core.package_identification:_identify(build) by extensions ['ignore', 'ignore_ament_install']
[0.674s] Level 1:colcon.colcon_core.package_identification:_identify(build) by extension 'ignore'
[0.674s] Level 1:colcon.colcon_core.package_identification:_identify(build) ignored
[0.674s] Level 1:colcon.colcon_core.package_identification:_identify(install) by extensions ['ignore', 'ignore_ament_install']
[0.675s] Level 1:colcon.colcon_core.package_identification:_identify(install) by extension 'ignore'
[0.675s] Level 1:colcon.colcon_core.package_identification:_identify(install) ignored
[0.675s] Level 1:colcon.colcon_core.package_identification:_identify(log) by extensions ['ignore', 'ignore_ament_install']
[0.675s] Level 1:colcon.colcon_core.package_identification:_identify(log) by extension 'ignore'
[0.675s] Level 1:colcon.colcon_core.package_identification:_identify(log) ignored
[0.675s] Level 1:colcon.colcon_core.package_discovery:discover_packages(recursive) using defaults
[0.675s] Level 1:colcon.colcon_core.package_discovery:discover_packages(ignore) discover
[0.675s] Level 1:colcon.colcon_core.package_discovery:discover_packages(ignore) using defaults
[0.675s] Level 1:colcon.colcon_core.package_discovery:discover_packages(path) discover
[0.675s] Level 1:colcon.colcon_core.package_discovery:discover_packages(path) using defaults
[0.723s] Level 1:colcon.colcon_core.package_discovery:discover_packages(prefix_path) check parameters
[0.723s] Level 1:colcon.colcon_core.package_discovery:discover_packages(prefix_path) discover
[0.730s] DEBUG:colcon.colcon_installed_package_information.package_discovery:Found 375 installed packages in /opt/ros/humble
[0.764s] Level 1:colcon.colcon_core.package_discovery:discover_packages(prefix_path) using defaults
[0.872s] Level 5:colcon.colcon_core.verb:set package 'Robot' build argument 'cmake_args' from command line to 'None'
[0.872s] Level 5:colcon.colcon_core.verb:set package 'Robot' build argument 'cmake_target' from command line to 'None'
[0.872s] Level 5:colcon.colcon_core.verb:set package 'Robot' build argument 'cmake_target_skip_unavailable' from command line to 'False'
[0.872s] Level 5:colcon.colcon_core.verb:set package 'Robot' build argument 'cmake_clean_cache' from command line to 'False'
[0.872s] Level 5:colcon.colcon_core.verb:set package 'Robot' build argument 'cmake_clean_first' from command line to 'False'
[0.872s] Level 5:colcon.colcon_core.verb:set package 'Robot' build argument 'cmake_force_configure' from command line to 'False'
[0.872s] Level 5:colcon.colcon_core.verb:set package 'Robot' build argument 'ament_cmake_args' from command line to 'None'
[0.872s] Level 5:colcon.colcon_core.verb:set package 'Robot' build argument 'catkin_cmake_args' from command line to 'None'
[0.872s] Level 5:colcon.colcon_core.verb:set package 'Robot' build argument 'catkin_skip_building_tests' from command line to 'False'
[0.872s] DEBUG:colcon.colcon_core.verb:Building package 'Robot' with the following arguments: {'ament_cmake_args': None, 'build_base': '/home/seba/Desktop/Turtlebot/Turtlebot-estacionador/src/build/Robot', 'catkin_cmake_args': None, 'catkin_skip_building_tests': False, 'cmake_args': None, 'cmake_clean_cache': False, 'cmake_clean_first': False, 'cmake_force_configure': False, 'cmake_target': None, 'cmake_target_skip_unavailable': False, 'install_base': '/home/seba/Desktop/Turtlebot/Turtlebot-estacionador/src/install/Robot', 'merge_install': False, 'path': '/home/seba/Desktop/Turtlebot/Turtlebot-estacionador/src/Robot', 'symlink_install': False, 'test_result_base': None}
[0.873s] INFO:colcon.colcon_core.executor:Executing jobs using 'parallel' executor
[0.875s] DEBUG:colcon.colcon_parallel_executor.executor.parallel:run_until_complete
[0.876s] INFO:colcon.colcon_ros.task.ament_python.build:Building ROS package in '/home/seba/Desktop/Turtlebot/Turtlebot-estacionador/src/Robot' with build type 'ament_python'
[0.876s] Level 1:colcon.colcon_core.shell:create_environment_hook('Robot', 'ament_prefix_path')
[0.880s] INFO:colcon.colcon_core.plugin_system:Skipping extension 'colcon_core.shell.bat': Not used on non-Windows systems
[0.881s] INFO:colcon.colcon_core.shell:Creating environment hook '/home/seba/Desktop/Turtlebot/Turtlebot-estacionador/src/install/Robot/share/Robot/hook/ament_prefix_path.ps1'
[0.883s] INFO:colcon.colcon_core.shell:Creating environment descriptor '/home/seba/Desktop/Turtlebot/Turtlebot-estacionador/src/install/Robot/share/Robot/hook/ament_prefix_path.dsv'
[0.884s] INFO:colcon.colcon_core.shell:Creating environment hook '/home/seba/Desktop/Turtlebot/Turtlebot-estacionador/src/install/Robot/share/Robot/hook/ament_prefix_path.sh'
[0.886s] INFO:colcon.colcon_core.shell:Skip shell extension 'powershell' for command environment: Not usable outside of PowerShell
[0.886s] DEBUG:colcon.colcon_core.shell:Skip shell extension 'dsv' for command environment
[1.538s] INFO:colcon.colcon_core.task.python.build:Building Python package in '/home/seba/Desktop/Turtlebot/Turtlebot-estacionador/src/Robot'
[1.539s] INFO:colcon.colcon_core.shell:Skip shell extension 'powershell' for command environment: Not usable outside of PowerShell
[1.539s] DEBUG:colcon.colcon_core.shell:Skip shell extension 'dsv' for command environment
[2.416s] DEBUG:colcon.colcon_core.event_handler.log_command:Invoking command in '/home/seba/Desktop/Turtlebot/Turtlebot-estacionador/src/Robot': PYTHONPATH=/home/seba/Desktop/Turtlebot/Turtlebot-estacionador/src/build/Robot/prefix_override:/usr/lib/python3/dist-packages/colcon_core/task/python/colcon_distutils_commands:/home/seba/Desktop/Turtlebot/Turtlebot-estacionador/src/install/Robot/lib/python3.10/site-packages:${PYTHONPATH} /usr/bin/python3 -W ignore:setup.py install is deprecated setup.py egg_info --egg-base ../build/Robot build --build-base /home/seba/Desktop/Turtlebot/Turtlebot-estacionador/src/build/Robot/build install --record /home/seba/Desktop/Turtlebot/Turtlebot-estacionador/src/build/Robot/install.log --single-version-externally-managed install_data
[3.128s] DEBUG:colcon.colcon_core.event_handler.log_command:Invoked command in '/home/seba/Desktop/Turtlebot/Turtlebot-estacionador/src/Robot' returned '0': PYTHONPATH=/home/seba/Desktop/Turtlebot/Turtlebot-estacionador/src/build/Robot/prefix_override:/usr/lib/python3/dist-packages/colcon_core/task/python/colcon_distutils_commands:/home/seba/Desktop/Turtlebot/Turtlebot-estacionador/src/install/Robot/lib/python3.10/site-packages:${PYTHONPATH} /usr/bin/python3 -W ignore:setup.py install is deprecated setup.py egg_info --egg-base ../build/Robot build --build-base /home/seba/Desktop/Turtlebot/Turtlebot-estacionador/src/build/Robot/build install --record /home/seba/Desktop/Turtlebot/Turtlebot-estacionador/src/build/Robot/install.log --single-version-externally-managed install_data
[3.130s] Level 1:colcon.colcon_core.environment:checking '/home/seba/Desktop/Turtlebot/Turtlebot-estacionador/src/install/Robot' for CMake module files
[3.132s] Level 1:colcon.colcon_core.environment:checking '/home/seba/Desktop/Turtlebot/Turtlebot-estacionador/src/install/Robot' for CMake config files
[3.133s] Level 1:colcon.colcon_core.environment:checking '/home/seba/Desktop/Turtlebot/Turtlebot-estacionador/src/install/Robot/lib'
[3.134s] Level 1:colcon.colcon_core.environment:checking '/home/seba/Desktop/Turtlebot/Turtlebot-estacionador/src/install/Robot/bin'
[3.134s] Level 1:colcon.colcon_core.environment:checking '/home/seba/Desktop/Turtlebot/Turtlebot-estacionador/src/install/Robot/lib/pkgconfig/Robot.pc'
[3.134s] Level 1:colcon.colcon_core.environment:checking '/home/seba/Desktop/Turtlebot/Turtlebot-estacionador/src/install/Robot/lib/python3.10/site-packages'
[3.135s] Level 1:colcon.colcon_core.shell:create_environment_hook('Robot', 'pythonpath')
[3.135s] INFO:colcon.colcon_core.shell:Creating environment hook '/home/seba/Desktop/Turtlebot/Turtlebot-estacionador/src/install/Robot/share/Robot/hook/pythonpath.ps1'
[3.137s] INFO:colcon.colcon_core.shell:Creating environment descriptor '/home/seba/Desktop/Turtlebot/Turtlebot-estacionador/src/install/Robot/share/Robot/hook/pythonpath.dsv'
[3.138s] INFO:colcon.colcon_core.shell:Creating environment hook '/home/seba/Desktop/Turtlebot/Turtlebot-estacionador/src/install/Robot/share/Robot/hook/pythonpath.sh'
[3.139s] Level 1:colcon.colcon_core.environment:checking '/home/seba/Desktop/Turtlebot/Turtlebot-estacionador/src/install/Robot/bin'
[3.139s] Level 1:colcon.colcon_core.environment:create_environment_scripts_only(Robot)
[3.140s] INFO:colcon.colcon_core.shell:Creating package script '/home/seba/Desktop/Turtlebot/Turtlebot-estacionador/src/install/Robot/share/Robot/package.ps1'
[3.142s] INFO:colcon.colcon_core.shell:Creating package descriptor '/home/seba/Desktop/Turtlebot/Turtlebot-estacionador/src/install/Robot/share/Robot/package.dsv'
[3.144s] INFO:colcon.colcon_core.shell:Creating package script '/home/seba/Desktop/Turtlebot/Turtlebot-estacionador/src/install/Robot/share/Robot/package.sh'
[3.146s] INFO:colcon.colcon_core.shell:Creating package script '/home/seba/Desktop/Turtlebot/Turtlebot-estacionador/src/install/Robot/share/Robot/package.bash'
[3.148s] INFO:colcon.colcon_core.shell:Creating package script '/home/seba/Desktop/Turtlebot/Turtlebot-estacionador/src/install/Robot/share/Robot/package.zsh'
[3.150s] Level 1:colcon.colcon_core.environment:create_file_with_runtime_dependencies(/home/seba/Desktop/Turtlebot/Turtlebot-estacionador/src/install/Robot/share/colcon-core/packages/Robot)
[3.151s] DEBUG:colcon.colcon_parallel_executor.executor.parallel:closing loop
[3.151s] DEBUG:colcon.colcon_parallel_executor.executor.parallel:loop closed
[3.151s] DEBUG:colcon.colcon_parallel_executor.executor.parallel:run_until_complete finished with '0'
[3.152s] DEBUG:colcon.colcon_core.event_reactor:joining thread
[3.162s] INFO:colcon.colcon_core.plugin_system:Skipping extension 'colcon_notification.desktop_notification.terminal_notifier': Not used on non-Darwin systems
[3.162s] INFO:colcon.colcon_core.plugin_system:Skipping extension 'colcon_notification.desktop_notification.win32': Not used on non-Windows systems
[3.162s] INFO:colcon.colcon_notification.desktop_notification:Sending desktop notification using 'notify2'
[3.199s] DEBUG:colcon.colcon_core.event_reactor:joined thread
[3.200s] INFO:colcon.colcon_core.shell:Creating prefix script '/home/seba/Desktop/Turtlebot/Turtlebot-estacionador/src/install/local_setup.ps1'
[3.202s] INFO:colcon.colcon_core.shell:Creating prefix util module '/home/seba/Desktop/Turtlebot/Turtlebot-estacionador/src/install/_local_setup_util_ps1.py'
[3.205s] INFO:colcon.colcon_core.shell:Creating prefix chain script '/home/seba/Desktop/Turtlebot/Turtlebot-estacionador/src/install/setup.ps1'
[3.207s] INFO:colcon.colcon_core.shell:Creating prefix script '/home/seba/Desktop/Turtlebot/Turtlebot-estacionador/src/install/local_setup.sh'
[3.209s] INFO:colcon.colcon_core.shell:Creating prefix util module '/home/seba/Desktop/Turtlebot/Turtlebot-estacionador/src/install/_local_setup_util_sh.py'
[3.211s] INFO:colcon.colcon_core.shell:Creating prefix chain script '/home/seba/Desktop/Turtlebot/Turtlebot-estacionador/src/install/setup.sh'
[3.214s] INFO:colcon.colcon_core.shell:Creating prefix script '/home/seba/Desktop/Turtlebot/Turtlebot-estacionador/src/install/local_setup.bash'
[3.215s] INFO:colcon.colcon_core.shell:Creating prefix chain script '/home/seba/Desktop/Turtlebot/Turtlebot-estacionador/src/install/setup.bash'
[3.217s] INFO:colcon.colcon_core.shell:Creating prefix script '/home/seba/Desktop/Turtlebot/Turtlebot-estacionador/src/install/local_setup.zsh'
[3.219s] INFO:colcon.colcon_core.shell:Creating prefix chain script '/home/seba/Desktop/Turtlebot/Turtlebot-estacionador/src/install/setup.zsh'
