[0.809s] Invoking command in '/home/seba/Desktop/Turtlebot/Turtlebot-estacionador/src/Robot': PYTHONPATH=/home/seba/Desktop/Turtlebot/Turtlebot-estacionador/build/Robot/prefix_override:/usr/lib/python3/dist-packages/colcon_core/task/python/colcon_distutils_commands:/home/seba/Desktop/Turtlebot/Turtlebot-estacionador/install/Robot/lib/python3.10/site-packages:${PYTHONPATH} /usr/bin/python3 -W ignore:setup.py install is deprecated setup.py egg_info --egg-base ../../build/Robot build --build-base /home/seba/Desktop/Turtlebot/Turtlebot-estacionador/build/Robot/build install --record /home/seba/Desktop/Turtlebot/Turtlebot-estacionador/build/Robot/install.log --single-version-externally-managed install_data
[1.104s] running egg_info
[1.104s] writing ../../build/Robot/Robot.egg-info/PKG-INFO
[1.105s] writing dependency_links to ../../build/Robot/Robot.egg-info/dependency_links.txt
[1.105s] writing entry points to ../../build/Robot/Robot.egg-info/entry_points.txt
[1.106s] writing requirements to ../../build/Robot/Robot.egg-info/requires.txt
[1.106s] writing top-level names to ../../build/Robot/Robot.egg-info/top_level.txt
[1.108s] reading manifest file '../../build/Robot/Robot.egg-info/SOURCES.txt'
[1.109s] writing manifest file '../../build/Robot/Robot.egg-info/SOURCES.txt'
[1.109s] running build
[1.109s] running build_py
[1.110s] copying Robot/basetest.py -> /home/seba/Desktop/Turtlebot/Turtlebot-estacionador/build/Robot/build/lib/Robot
[1.110s] running install
[1.111s] running install_lib
[1.112s] copying /home/seba/Desktop/Turtlebot/Turtlebot-estacionador/build/Robot/build/lib/Robot/basetest.py -> /home/seba/Desktop/Turtlebot/Turtlebot-estacionador/install/Robot/lib/python3.10/site-packages/Robot
[1.113s] byte-compiling /home/seba/Desktop/Turtlebot/Turtlebot-estacionador/install/Robot/lib/python3.10/site-packages/Robot/basetest.py to basetest.cpython-310.pyc
[1.115s] running install_data
[1.115s] running install_egg_info
[1.117s] removing '/home/seba/Desktop/Turtlebot/Turtlebot-estacionador/install/Robot/lib/python3.10/site-packages/Robot-0.0.0-py3.10.egg-info' (and everything under it)
[1.117s] Copying ../../build/Robot/Robot.egg-info to /home/seba/Desktop/Turtlebot/Turtlebot-estacionador/install/Robot/lib/python3.10/site-packages/Robot-0.0.0-py3.10.egg-info
[1.119s] running install_scripts
[1.143s] Installing basetest script to /home/seba/Desktop/Turtlebot/Turtlebot-estacionador/install/Robot/lib/Robot
[1.144s] Installing color_test script to /home/seba/Desktop/Turtlebot/Turtlebot-estacionador/install/Robot/lib/Robot
[1.144s] Installing image_capturer script to /home/seba/Desktop/Turtlebot/Turtlebot-estacionador/install/Robot/lib/Robot
[1.144s] Installing safe_test script to /home/seba/Desktop/Turtlebot/Turtlebot-estacionador/install/Robot/lib/Robot
[1.144s] Installing test script to /home/seba/Desktop/Turtlebot/Turtlebot-estacionador/install/Robot/lib/Robot
[1.145s] writing list of installed files to '/home/seba/Desktop/Turtlebot/Turtlebot-estacionador/build/Robot/install.log'
[1.178s] Invoked command in '/home/seba/Desktop/Turtlebot/Turtlebot-estacionador/src/Robot' returned '0': PYTHONPATH=/home/seba/Desktop/Turtlebot/Turtlebot-estacionador/build/Robot/prefix_override:/usr/lib/python3/dist-packages/colcon_core/task/python/colcon_distutils_commands:/home/seba/Desktop/Turtlebot/Turtlebot-estacionador/install/Robot/lib/python3.10/site-packages:${PYTHONPATH} /usr/bin/python3 -W ignore:setup.py install is deprecated setup.py egg_info --egg-base ../../build/Robot build --build-base /home/seba/Desktop/Turtlebot/Turtlebot-estacionador/build/Robot/build install --record /home/seba/Desktop/Turtlebot/Turtlebot-estacionador/build/Robot/install.log --single-version-externally-managed install_data
