[1.401s] Invoking command in '/home/seba/Desktop/Turtlebot/Turtlebot-estacionador/src/Robot': PYTHONPATH=/home/seba/Desktop/Turtlebot/Turtlebot-estacionador/build/Robot/prefix_override:/usr/lib/python3/dist-packages/colcon_core/task/python/colcon_distutils_commands:/home/seba/Desktop/Turtlebot/Turtlebot-estacionador/install/Robot/lib/python3.10/site-packages:${PYTHONPATH} /usr/bin/python3 -W ignore:setup.py install is deprecated setup.py egg_info --egg-base ../../build/Robot build --build-base /home/seba/Desktop/Turtlebot/Turtlebot-estacionador/build/Robot/build install --record /home/seba/Desktop/Turtlebot/Turtlebot-estacionador/build/Robot/install.log --single-version-externally-managed install_data
[1.950s] running egg_info
[1.954s] writing ../../build/Robot/Robot.egg-info/PKG-INFO
[1.954s] writing dependency_links to ../../build/Robot/Robot.egg-info/dependency_links.txt
[1.955s] writing entry points to ../../build/Robot/Robot.egg-info/entry_points.txt
[1.955s] writing requirements to ../../build/Robot/Robot.egg-info/requires.txt
[1.955s] writing top-level names to ../../build/Robot/Robot.egg-info/top_level.txt
[1.959s] reading manifest file '../../build/Robot/Robot.egg-info/SOURCES.txt'
[1.961s] writing manifest file '../../build/Robot/Robot.egg-info/SOURCES.txt'
[1.961s] running build
[1.962s] running build_py
[1.962s] copying Robot/basetest.py -> /home/seba/Desktop/Turtlebot/Turtlebot-estacionador/build/Robot/build/lib/Robot
[1.963s] running install
[1.964s] running install_lib
[1.967s] copying /home/seba/Desktop/Turtlebot/Turtlebot-estacionador/build/Robot/build/lib/Robot/basetest.py -> /home/seba/Desktop/Turtlebot/Turtlebot-estacionador/install/Robot/lib/python3.10/site-packages/Robot
[1.968s] byte-compiling /home/seba/Desktop/Turtlebot/Turtlebot-estacionador/install/Robot/lib/python3.10/site-packages/Robot/basetest.py to basetest.cpython-310.pyc
[1.971s] running install_data
[1.971s] running install_egg_info
[1.976s] removing '/home/seba/Desktop/Turtlebot/Turtlebot-estacionador/install/Robot/lib/python3.10/site-packages/Robot-0.0.0-py3.10.egg-info' (and everything under it)
[1.980s] Copying ../../build/Robot/Robot.egg-info to /home/seba/Desktop/Turtlebot/Turtlebot-estacionador/install/Robot/lib/python3.10/site-packages/Robot-0.0.0-py3.10.egg-info
[1.980s] running install_scripts
[2.034s] Installing basetest script to /home/seba/Desktop/Turtlebot/Turtlebot-estacionador/install/Robot/lib/Robot
[2.035s] Installing color_test script to /home/seba/Desktop/Turtlebot/Turtlebot-estacionador/install/Robot/lib/Robot
[2.035s] Installing image_capturer script to /home/seba/Desktop/Turtlebot/Turtlebot-estacionador/install/Robot/lib/Robot
[2.036s] Installing safe_test script to /home/seba/Desktop/Turtlebot/Turtlebot-estacionador/install/Robot/lib/Robot
[2.036s] Installing test script to /home/seba/Desktop/Turtlebot/Turtlebot-estacionador/install/Robot/lib/Robot
[2.036s] writing list of installed files to '/home/seba/Desktop/Turtlebot/Turtlebot-estacionador/build/Robot/install.log'
[2.120s] Invoked command in '/home/seba/Desktop/Turtlebot/Turtlebot-estacionador/src/Robot' returned '0': PYTHONPATH=/home/seba/Desktop/Turtlebot/Turtlebot-estacionador/build/Robot/prefix_override:/usr/lib/python3/dist-packages/colcon_core/task/python/colcon_distutils_commands:/home/seba/Desktop/Turtlebot/Turtlebot-estacionador/install/Robot/lib/python3.10/site-packages:${PYTHONPATH} /usr/bin/python3 -W ignore:setup.py install is deprecated setup.py egg_info --egg-base ../../build/Robot build --build-base /home/seba/Desktop/Turtlebot/Turtlebot-estacionador/build/Robot/build install --record /home/seba/Desktop/Turtlebot/Turtlebot-estacionador/build/Robot/install.log --single-version-externally-managed install_data
