[1.455s] Invoking command in '/home/seba/Desktop/Turtlebot/Turtlebot-estacionador/src/Robot': PYTHONPATH=/home/seba/Desktop/Turtlebot/Turtlebot-estacionador/src/build/Robot/prefix_override:/usr/lib/python3/dist-packages/colcon_core/task/python/colcon_distutils_commands:/home/seba/Desktop/Turtlebot/Turtlebot-estacionador/src/install/Robot/lib/python3.10/site-packages:${PYTHONPATH} /usr/bin/python3 -W ignore:setup.py install is deprecated setup.py egg_info --egg-base ../build/Robot build --build-base /home/seba/Desktop/Turtlebot/Turtlebot-estacionador/src/build/Robot/build install --record /home/seba/Desktop/Turtlebot/Turtlebot-estacionador/src/build/Robot/install.log --single-version-externally-managed install_data
[1.926s] running egg_info
[1.927s] writing ../build/Robot/Robot.egg-info/PKG-INFO
[1.928s] writing dependency_links to ../build/Robot/Robot.egg-info/dependency_links.txt
[1.928s] writing entry points to ../build/Robot/Robot.egg-info/entry_points.txt
[1.929s] writing requirements to ../build/Robot/Robot.egg-info/requires.txt
[1.929s] writing top-level names to ../build/Robot/Robot.egg-info/top_level.txt
[1.932s] reading manifest file '../build/Robot/Robot.egg-info/SOURCES.txt'
[1.935s] writing manifest file '../build/Robot/Robot.egg-info/SOURCES.txt'
[1.935s] running build
[1.935s] running build_py
[1.937s] copying Robot/image_capturer.py -> /home/seba/Desktop/Turtlebot/Turtlebot-estacionador/src/build/Robot/build/lib/Robot
[1.937s] copying Robot/color_test.py -> /home/seba/Desktop/Turtlebot/Turtlebot-estacionador/src/build/Robot/build/lib/Robot
[1.938s] running install
[1.940s] running install_lib
[1.943s] copying /home/seba/Desktop/Turtlebot/Turtlebot-estacionador/src/build/Robot/build/lib/Robot/image_capturer.py -> /home/seba/Desktop/Turtlebot/Turtlebot-estacionador/src/install/Robot/lib/python3.10/site-packages/Robot
[1.943s] copying /home/seba/Desktop/Turtlebot/Turtlebot-estacionador/src/build/Robot/build/lib/Robot/color_test.py -> /home/seba/Desktop/Turtlebot/Turtlebot-estacionador/src/install/Robot/lib/python3.10/site-packages/Robot
[1.945s] byte-compiling /home/seba/Desktop/Turtlebot/Turtlebot-estacionador/src/install/Robot/lib/python3.10/site-packages/Robot/image_capturer.py to image_capturer.cpython-310.pyc
[1.946s] byte-compiling /home/seba/Desktop/Turtlebot/Turtlebot-estacionador/src/install/Robot/lib/python3.10/site-packages/Robot/color_test.py to color_test.cpython-310.pyc
[1.947s] running install_data
[1.948s] running install_egg_info
[1.954s] removing '/home/seba/Desktop/Turtlebot/Turtlebot-estacionador/src/install/Robot/lib/python3.10/site-packages/Robot-0.0.0-py3.10.egg-info' (and everything under it)
[1.954s] Copying ../build/Robot/Robot.egg-info to /home/seba/Desktop/Turtlebot/Turtlebot-estacionador/src/install/Robot/lib/python3.10/site-packages/Robot-0.0.0-py3.10.egg-info
[1.958s] running install_scripts
[2.007s] Installing color_test script to /home/seba/Desktop/Turtlebot/Turtlebot-estacionador/src/install/Robot/lib/Robot
[2.007s] Installing image_capturer script to /home/seba/Desktop/Turtlebot/Turtlebot-estacionador/src/install/Robot/lib/Robot
[2.008s] writing list of installed files to '/home/seba/Desktop/Turtlebot/Turtlebot-estacionador/src/build/Robot/install.log'
[2.080s] Invoked command in '/home/seba/Desktop/Turtlebot/Turtlebot-estacionador/src/Robot' returned '0': PYTHONPATH=/home/seba/Desktop/Turtlebot/Turtlebot-estacionador/src/build/Robot/prefix_override:/usr/lib/python3/dist-packages/colcon_core/task/python/colcon_distutils_commands:/home/seba/Desktop/Turtlebot/Turtlebot-estacionador/src/install/Robot/lib/python3.10/site-packages:${PYTHONPATH} /usr/bin/python3 -W ignore:setup.py install is deprecated setup.py egg_info --egg-base ../build/Robot build --build-base /home/seba/Desktop/Turtlebot/Turtlebot-estacionador/src/build/Robot/build install --record /home/seba/Desktop/Turtlebot/Turtlebot-estacionador/src/build/Robot/install.log --single-version-externally-managed install_data
