[1.292s] Invoking command in '/home/seba/Desktop/Turtlebot/Turtlebot-estacionador/src/Robot': PYTHONPATH=/home/seba/Desktop/Turtlebot/Turtlebot-estacionador/build/Robot/prefix_override:/usr/lib/python3/dist-packages/colcon_core/task/python/colcon_distutils_commands:/home/seba/Desktop/Turtlebot/Turtlebot-estacionador/install/Robot/lib/python3.10/site-packages:${PYTHONPATH} /usr/bin/python3 -W ignore:setup.py install is deprecated setup.py egg_info --egg-base ../../build/Robot build --build-base /home/seba/Desktop/Turtlebot/Turtlebot-estacionador/build/Robot/build install --record /home/seba/Desktop/Turtlebot/Turtlebot-estacionador/build/Robot/install.log --single-version-externally-managed install_data
[1.587s] running egg_info
[1.588s] writing ../../build/Robot/Robot.egg-info/PKG-INFO
[1.589s] writing dependency_links to ../../build/Robot/Robot.egg-info/dependency_links.txt
[1.589s] writing entry points to ../../build/Robot/Robot.egg-info/entry_points.txt
[1.589s] writing requirements to ../../build/Robot/Robot.egg-info/requires.txt
[1.589s] writing top-level names to ../../build/Robot/Robot.egg-info/top_level.txt
[1.592s] reading manifest file '../../build/Robot/Robot.egg-info/SOURCES.txt'
[1.594s] writing manifest file '../../build/Robot/Robot.egg-info/SOURCES.txt'
[1.594s] running build
[1.594s] running build_py
[1.595s] running install
[1.595s] running install_lib
[1.597s] running install_data
[1.598s] running install_egg_info
[1.600s] removing '/home/seba/Desktop/Turtlebot/Turtlebot-estacionador/install/Robot/lib/python3.10/site-packages/Robot-0.0.0-py3.10.egg-info' (and everything under it)
[1.600s] Copying ../../build/Robot/Robot.egg-info to /home/seba/Desktop/Turtlebot/Turtlebot-estacionador/install/Robot/lib/python3.10/site-packages/Robot-0.0.0-py3.10.egg-info
[1.602s] running install_scripts
[1.626s] Installing basetest script to /home/seba/Desktop/Turtlebot/Turtlebot-estacionador/install/Robot/lib/Robot
[1.627s] Installing color_test script to /home/seba/Desktop/Turtlebot/Turtlebot-estacionador/install/Robot/lib/Robot
[1.627s] Installing image_capturer script to /home/seba/Desktop/Turtlebot/Turtlebot-estacionador/install/Robot/lib/Robot
[1.628s] Installing safe_test script to /home/seba/Desktop/Turtlebot/Turtlebot-estacionador/install/Robot/lib/Robot
[1.628s] Installing test script to /home/seba/Desktop/Turtlebot/Turtlebot-estacionador/install/Robot/lib/Robot
[1.628s] writing list of installed files to '/home/seba/Desktop/Turtlebot/Turtlebot-estacionador/build/Robot/install.log'
[1.665s] Invoked command in '/home/seba/Desktop/Turtlebot/Turtlebot-estacionador/src/Robot' returned '0': PYTHONPATH=/home/seba/Desktop/Turtlebot/Turtlebot-estacionador/build/Robot/prefix_override:/usr/lib/python3/dist-packages/colcon_core/task/python/colcon_distutils_commands:/home/seba/Desktop/Turtlebot/Turtlebot-estacionador/install/Robot/lib/python3.10/site-packages:${PYTHONPATH} /usr/bin/python3 -W ignore:setup.py install is deprecated setup.py egg_info --egg-base ../../build/Robot build --build-base /home/seba/Desktop/Turtlebot/Turtlebot-estacionador/build/Robot/build install --record /home/seba/Desktop/Turtlebot/Turtlebot-estacionador/build/Robot/install.log --single-version-externally-managed install_data
