[1.650s] Invoking command in '/home/seba/Desktop/Turtlebot/Turtlebot-estacionador/src/Robot': PYTHONPATH=/home/seba/Desktop/Turtlebot/Turtlebot-estacionador/build/Robot/prefix_override:/usr/lib/python3/dist-packages/colcon_core/task/python/colcon_distutils_commands:/home/seba/Desktop/Turtlebot/Turtlebot-estacionador/install/Robot/lib/python3.10/site-packages:${PYTHONPATH} /usr/bin/python3 -W ignore:setup.py install is deprecated setup.py egg_info --egg-base ../../build/Robot build --build-base /home/seba/Desktop/Turtlebot/Turtlebot-estacionador/build/Robot/build install --record /home/seba/Desktop/Turtlebot/Turtlebot-estacionador/build/Robot/install.log --single-version-externally-managed install_data
[2.234s] running egg_info
[2.237s] writing ../../build/Robot/Robot.egg-info/PKG-INFO
[2.238s] writing dependency_links to ../../build/Robot/Robot.egg-info/dependency_links.txt
[2.239s] writing entry points to ../../build/Robot/Robot.egg-info/entry_points.txt
[2.239s] writing requirements to ../../build/Robot/Robot.egg-info/requires.txt
[2.239s] writing top-level names to ../../build/Robot/Robot.egg-info/top_level.txt
[2.244s] reading manifest file '../../build/Robot/Robot.egg-info/SOURCES.txt'
[2.246s] writing manifest file '../../build/Robot/Robot.egg-info/SOURCES.txt'
[2.247s] running build
[2.247s] running build_py
[2.248s] running install
[2.249s] running install_lib
[2.253s] running install_data
[2.255s] running install_egg_info
[2.258s] removing '/home/seba/Desktop/Turtlebot/Turtlebot-estacionador/install/Robot/lib/python3.10/site-packages/Robot-0.0.0-py3.10.egg-info' (and everything under it)
[2.258s] Copying ../../build/Robot/Robot.egg-info to /home/seba/Desktop/Turtlebot/Turtlebot-estacionador/install/Robot/lib/python3.10/site-packages/Robot-0.0.0-py3.10.egg-info
[2.261s] running install_scripts
[2.322s] Installing basetest script to /home/seba/Desktop/Turtlebot/Turtlebot-estacionador/install/Robot/lib/Robot
[2.322s] Installing color_test script to /home/seba/Desktop/Turtlebot/Turtlebot-estacionador/install/Robot/lib/Robot
[2.322s] Installing image_capturer script to /home/seba/Desktop/Turtlebot/Turtlebot-estacionador/install/Robot/lib/Robot
[2.322s] Installing safe_test script to /home/seba/Desktop/Turtlebot/Turtlebot-estacionador/install/Robot/lib/Robot
[2.322s] Installing test script to /home/seba/Desktop/Turtlebot/Turtlebot-estacionador/install/Robot/lib/Robot
[2.323s] writing list of installed files to '/home/seba/Desktop/Turtlebot/Turtlebot-estacionador/build/Robot/install.log'
[2.398s] Invoked command in '/home/seba/Desktop/Turtlebot/Turtlebot-estacionador/src/Robot' returned '0': PYTHONPATH=/home/seba/Desktop/Turtlebot/Turtlebot-estacionador/build/Robot/prefix_override:/usr/lib/python3/dist-packages/colcon_core/task/python/colcon_distutils_commands:/home/seba/Desktop/Turtlebot/Turtlebot-estacionador/install/Robot/lib/python3.10/site-packages:${PYTHONPATH} /usr/bin/python3 -W ignore:setup.py install is deprecated setup.py egg_info --egg-base ../../build/Robot build --build-base /home/seba/Desktop/Turtlebot/Turtlebot-estacionador/build/Robot/build install --record /home/seba/Desktop/Turtlebot/Turtlebot-estacionador/build/Robot/install.log --single-version-externally-managed install_data
