[1.014s] Invoking command in '/root/ros2_ws/src/Robot': PYTHONPATH=/root/ros2_ws/build/Robot/prefix_override:/usr/lib/python3/dist-packages/colcon_core/task/python/colcon_distutils_commands:/root/ros2_ws/install/Robot/lib/python3.10/site-packages:${PYTHONPATH} /usr/bin/python3 -W ignore:setup.py install is deprecated setup.py egg_info --egg-base ../../build/Robot build --build-base /root/ros2_ws/build/Robot/build install --record /root/ros2_ws/build/Robot/install.log --single-version-externally-managed install_data
[1.397s] running egg_info
[1.398s] writing ../../build/Robot/Robot.egg-info/PKG-INFO
[1.398s] writing dependency_links to ../../build/Robot/Robot.egg-info/dependency_links.txt
[1.399s] writing entry points to ../../build/Robot/Robot.egg-info/entry_points.txt
[1.399s] writing requirements to ../../build/Robot/Robot.egg-info/requires.txt
[1.399s] writing top-level names to ../../build/Robot/Robot.egg-info/top_level.txt
[1.401s] reading manifest file '../../build/Robot/Robot.egg-info/SOURCES.txt'
[1.402s] writing manifest file '../../build/Robot/Robot.egg-info/SOURCES.txt'
[1.402s] running build
[1.402s] running build_py
[1.403s] running install
[1.404s] running install_lib
[1.406s] running install_data
[1.406s] running install_egg_info
[1.412s] removing '/root/ros2_ws/install/Robot/lib/python3.10/site-packages/Robot-0.0.0-py3.10.egg-info' (and everything under it)
[1.413s] Copying ../../build/Robot/Robot.egg-info to /root/ros2_ws/install/Robot/lib/python3.10/site-packages/Robot-0.0.0-py3.10.egg-info
[1.413s] running install_scripts
[1.446s] Installing image_capturer script to /root/ros2_ws/install/Robot/lib/Robot
[1.447s] writing list of installed files to '/root/ros2_ws/build/Robot/install.log'
[1.508s] Invoked command in '/root/ros2_ws/src/Robot' returned '0': PYTHONPATH=/root/ros2_ws/build/Robot/prefix_override:/usr/lib/python3/dist-packages/colcon_core/task/python/colcon_distutils_commands:/root/ros2_ws/install/Robot/lib/python3.10/site-packages:${PYTHONPATH} /usr/bin/python3 -W ignore:setup.py install is deprecated setup.py egg_info --egg-base ../../build/Robot build --build-base /root/ros2_ws/build/Robot/build install --record /root/ros2_ws/build/Robot/install.log --single-version-externally-managed install_data
